<?xml version="1.0" encoding="UTF-8"?>
<!-- Generated by org.testng.reporters.JUnitReportReporter -->
<testsuite hostname="LAPTOP-76PGCCB3" failures="0" tests="4" name="Tests.ParallelTestingThreadLocal4" time="68.005" errors="0" timestamp="2023-05-19T21:16:05 IST" skipped="0">
  <testcase classname="Tests.ParallelTestingThreadLocal4" name="FacebookTest" time="7.432"/>
  <testcase classname="Tests.ParallelTestingThreadLocal4" name="FlipkartTest" time="11.744"/>
  <testcase classname="Tests.ParallelTestingThreadLocal4" name="GoogleTest" time="9.173"/>
  <testcase classname="Tests.ParallelTestingThreadLocal4" name="MyntraTest" time="39.656"/>
</testsuite> <!-- Tests.ParallelTestingThreadLocal4 -->
