<?xml version="1.0" encoding="UTF-8"?>
<!-- Generated by org.testng.reporters.JUnitReportReporter -->
<testsuite hostname="LAPTOP-76PGCCB3" failures="0" tests="5" name="Tests.ParallelTestingThreadLocal" time="101.247" errors="0" timestamp="2023-05-20T08:15:41 IST" skipped="0">
  <testcase classname="Tests.ParallelTestingThreadLocal" name="navigatetosite" time="7.646"/>
  <testcase classname="Tests.ParallelTestingThreadLocal" name="opensearchresults" time="19.249"/>
  <testcase classname="Tests.ParallelTestingThreadLocal" name="searchforkeywords" time="26.139"/>
  <testcase classname="Tests.ParallelTestingThreadLocal" name="opensearchresults" time="28.606"/>
  <testcase classname="Tests.ParallelTestingThreadLocal" name="opensearchresults" time="19.607"/>
</testsuite> <!-- Tests.ParallelTestingThreadLocal -->
