<?xml version="1.0" encoding="UTF-8"?>
<!-- Generated by org.testng.reporters.JUnitReportReporter -->
<testsuite hostname="LAPTOP-76PGCCB3" failures="0" tests="4" name="Tests.ParallelTestingThreadLocal4" time="76.389" errors="0" timestamp="2023-02-10T20:01:43 IST" skipped="0">
  <testcase classname="Tests.ParallelTestingThreadLocal4" name="FacebookTest" time="3.899"/>
  <testcase classname="Tests.ParallelTestingThreadLocal4" name="FlipkartTest" time="35.396"/>
  <testcase classname="Tests.ParallelTestingThreadLocal4" name="MyntraTest" time="34.203"/>
  <testcase classname="Tests.ParallelTestingThreadLocal4" name="GoogleTest" time="2.891"/>
</testsuite> <!-- Tests.ParallelTestingThreadLocal4 -->
